<?xml version="1.0" encoding="UTF-8"?>
<!-- Generated by org.testng.reporters.JUnitXMLReporter -->
<testsuite hostname="LAPTOP-JN2NLV6S" ignored="1" name="ChromeTests" tests="5" failures="0" timestamp="08 May 2018 08:09:52 GMT" time="55.073" errors="0">
  <testcase name="InvalidLoginDetails" time="13.247" classname="Tests.LoginTests"/>
  <testcase name="InvalidLoginDetails" time="7.374" classname="Tests.LoginTests"/>
  <testcase name="InvalidLoginDetails" time="7.305" classname="Tests.LoginTests"/>
  <testcase name="BlankEmailAddressTest" time="11.606" classname="Tests.TrackNumberTests"/>
  <testcase name="BlankOrderNumberTest" time="5.028" classname="Tests.TrackNumberTests"/>
  <testcase name="BlankOrdernumberandEmailAddressTest" time="0.0" classname="Tests.TrackNumberTests">
    <ignored/>
  </testcase> <!-- BlankOrdernumberandEmailAddressTest -->
</testsuite> <!-- ChromeTests -->
